<?xml version="1.0" encoding="UTF-8"?>
<!-- Generated by org.testng.reporters.JUnitReportReporter -->
<testsuite hostname="DESKTOP-N9H8CB5" failures="0" tests="4" name="calculator.CalculatorTest" time="0.048" errors="0" timestamp="2024-06-19T21:16:32 ART" skipped="0">
  <testcase classname="calculator.CalculatorTest" name="testSubtract" time="0.002"/>
  <system-out/>
  <testcase classname="calculator.CalculatorTest" name="testAdd" time="0.024"/>
  <system-out/>
  <testcase classname="calculator.CalculatorTest" name="testMultiply" time="0.019"/>
  <system-out/>
  <testcase classname="calculator.CalculatorTest" name="testDivide" time="0.003"/>
  <system-out/>
</testsuite> <!-- calculator.CalculatorTest -->
