<?xml version="1.0" encoding="UTF-8"?>
<!-- Generated by org.testng.reporters.JUnitReportReporter -->
<testsuite hostname="DESKTOP-N9H8CB5" failures="0" tests="4" name="calculator.CalculatorTest" time="0.039" errors="0" timestamp="2024-06-18T14:26:24 ART" skipped="0">
  <testcase classname="calculator.CalculatorTest" name="testSubtract" time="0.003"/>
  <system-out/>
  <testcase classname="calculator.CalculatorTest" name="testAdd" time="0.027"/>
  <system-out/>
  <testcase classname="calculator.CalculatorTest" name="testDivide" time="0.006"/>
  <system-out/>
  <testcase classname="calculator.CalculatorTest" name="testMultiply" time="0.003"/>
  <system-out/>
</testsuite> <!-- calculator.CalculatorTest -->
